{"C:\\Users\\luist\\Desktop\\Proyectos Varios\\React-udemy\\02-first-steps\\src\\FirstStep.tsx": {"path":"C:\\Users\\luist\\Desktop\\Proyectos Varios\\React-udemy\\02-first-steps\\src\\FirstStep.tsx","statementMap":{"0":{"start":{"line":8,"column":34},"end":{"line":21,"column":null}},"1":{"start":{"line":24,"column":2},"end":{"line":29,"column":41}},"2":{"start":{"line":28,"column":62},"end":{"line":29,"column":41}}},"fnMap":{"0":{"name":"FirstStepApp","decl":{"start":{"line":23,"column":16},"end":{"line":23,"column":null}},"loc":{"start":{"line":23,"column":16},"end":{"line":34,"column":null}},"line":23},"1":{"name":"(anonymous_1)","decl":{"start":{"line":28,"column":24},"end":{"line":28,"column":25}},"loc":{"start":{"line":28,"column":62},"end":{"line":29,"column":41}},"line":28}},"branchMap":{},"s":{"0":1,"1":3,"2":9},"f":{"0":3,"1":9},"b":{},"meta":{"lastBranch":0,"lastFunction":2,"lastStatement":3,"seen":{"s:8:34:21:Infinity":0,"f:23:16:23:Infinity":0,"s:24:2:29:41":1,"f:28:24:28:25":1,"s:28:62:29:41":2}}}
,"C:\\Users\\luist\\Desktop\\Proyectos Varios\\React-udemy\\02-first-steps\\src\\MyAwesomeApp.tsx": {"path":"C:\\Users\\luist\\Desktop\\Proyectos Varios\\React-udemy\\02-first-steps\\src\\MyAwesomeApp.tsx","statementMap":{"0":{"start":{"line":1,"column":18},"end":{"line":1,"column":null}},"1":{"start":{"line":2,"column":17},"end":{"line":2,"column":null}},"2":{"start":{"line":4,"column":22},"end":{"line":4,"column":null}},"3":{"start":{"line":5,"column":17},"end":{"line":5,"column":null}},"4":{"start":{"line":7,"column":16},"end":{"line":10,"column":null}},"5":{"start":{"line":13,"column":4},"end":{"line":23,"column":null}}},"fnMap":{"0":{"name":"MyAwesomeApp","decl":{"start":{"line":12,"column":16},"end":{"line":12,"column":null}},"loc":{"start":{"line":12,"column":16},"end":{"line":27,"column":null}},"line":12}},"branchMap":{"0":{"loc":{"start":{"line":20,"column":13},"end":{"line":20,"column":null}},"type":"cond-expr","locations":[{"start":{"line":20,"column":24},"end":{"line":20,"column":35}},{"start":{"line":20,"column":35},"end":{"line":20,"column":null}}],"line":20}},"s":{"0":1,"1":1,"2":1,"3":1,"4":1,"5":4},"f":{"0":4},"b":{"0":[0,4]},"meta":{"lastBranch":1,"lastFunction":1,"lastStatement":6,"seen":{"s:1:18:1:Infinity":0,"s:2:17:2:Infinity":1,"s:4:22:4:Infinity":2,"s:5:17:5:Infinity":3,"s:7:16:10:Infinity":4,"f:12:16:12:Infinity":0,"s:13:4:23:Infinity":5,"b:20:24:20:35:20:35:20:Infinity":0}}}
,"C:\\Users\\luist\\Desktop\\Proyectos Varios\\React-udemy\\02-first-steps\\src\\helpers\\math.helper.ts": {"path":"C:\\Users\\luist\\Desktop\\Proyectos Varios\\React-udemy\\02-first-steps\\src\\helpers\\math.helper.ts","statementMap":{"0":{"start":{"line":3,"column":19},"end":{"line":5,"column":null}},"1":{"start":{"line":4,"column":2},"end":{"line":4,"column":null}},"2":{"start":{"line":8,"column":25},"end":{"line":10,"column":null}},"3":{"start":{"line":9,"column":2},"end":{"line":9,"column":null}},"4":{"start":{"line":12,"column":24},"end":{"line":14,"column":null}},"5":{"start":{"line":13,"column":2},"end":{"line":13,"column":null}},"6":{"start":{"line":16,"column":22},"end":{"line":18,"column":null}},"7":{"start":{"line":17,"column":2},"end":{"line":17,"column":null}}},"fnMap":{"0":{"name":"(anonymous_0)","decl":{"start":{"line":3,"column":19},"end":{"line":3,"column":20}},"loc":{"start":{"line":3,"column":30},"end":{"line":5,"column":null}},"line":3},"1":{"name":"(anonymous_1)","decl":{"start":{"line":8,"column":25},"end":{"line":8,"column":26}},"loc":{"start":{"line":8,"column":36},"end":{"line":10,"column":null}},"line":8},"2":{"name":"(anonymous_2)","decl":{"start":{"line":12,"column":24},"end":{"line":12,"column":25}},"loc":{"start":{"line":12,"column":35},"end":{"line":14,"column":null}},"line":12},"3":{"name":"(anonymous_3)","decl":{"start":{"line":16,"column":22},"end":{"line":16,"column":23}},"loc":{"start":{"line":16,"column":33},"end":{"line":18,"column":null}},"line":16}},"branchMap":{},"s":{"0":1,"1":1,"2":1,"3":2,"4":1,"5":2,"6":1,"7":1},"f":{"0":1,"1":2,"2":2,"3":1},"b":{},"meta":{"lastBranch":0,"lastFunction":4,"lastStatement":8,"seen":{"s:3:19:5:Infinity":0,"f:3:19:3:20":0,"s:4:2:4:Infinity":1,"s:8:25:10:Infinity":2,"f:8:25:8:26":1,"s:9:2:9:Infinity":3,"s:12:24:14:Infinity":4,"f:12:24:12:25":2,"s:13:2:13:Infinity":5,"s:16:22:18:Infinity":6,"f:16:22:16:23":3,"s:17:2:17:Infinity":7}}}
,"C:\\Users\\luist\\Desktop\\Proyectos Varios\\React-udemy\\02-first-steps\\src\\shopping-cart\\ItemCounter.css": {"path":"C:\\Users\\luist\\Desktop\\Proyectos Varios\\React-udemy\\02-first-steps\\src\\shopping-cart\\ItemCounter.css","statementMap":{},"fnMap":{},"branchMap":{},"s":{},"f":{},"b":{},"meta":{"lastBranch":0,"lastFunction":0,"lastStatement":0,"seen":{}}}
,"C:\\Users\\luist\\Desktop\\Proyectos Varios\\React-udemy\\02-first-steps\\src\\shopping-cart\\ItemCounter.module.css": {"path":"C:\\Users\\luist\\Desktop\\Proyectos Varios\\React-udemy\\02-first-steps\\src\\shopping-cart\\ItemCounter.module.css","statementMap":{},"fnMap":{},"branchMap":{},"s":{},"f":{},"b":{},"meta":{"lastBranch":0,"lastFunction":0,"lastStatement":0,"seen":{}}}
,"C:\\Users\\luist\\Desktop\\Proyectos Varios\\React-udemy\\02-first-steps\\src\\shopping-cart\\ItemCounter.tsx": {"path":"C:\\Users\\luist\\Desktop\\Proyectos Varios\\React-udemy\\02-first-steps\\src\\shopping-cart\\ItemCounter.tsx","statementMap":{"0":{"start":{"line":11,"column":27},"end":{"line":51,"column":null}},"1":{"start":{"line":12,"column":25},"end":{"line":12,"column":null}},"2":{"start":{"line":14,"column":20},"end":{"line":16,"column":null}},"3":{"start":{"line":15,"column":4},"end":{"line":15,"column":null}},"4":{"start":{"line":18,"column":26},"end":{"line":20,"column":null}},"5":{"start":{"line":19,"column":4},"end":{"line":19,"column":null}},"6":{"start":{"line":19,"column":19},"end":{"line":19,"column":null}},"7":{"start":{"line":22,"column":21},"end":{"line":24,"column":null}},"8":{"start":{"line":23,"column":4},"end":{"line":23,"column":null}},"9":{"start":{"line":30,"column":2},"end":{"line":48,"column":null}}},"fnMap":{"0":{"name":"(anonymous_0)","decl":{"start":{"line":11,"column":27},"end":{"line":11,"column":28}},"loc":{"start":{"line":11,"column":68},"end":{"line":51,"column":null}},"line":11},"1":{"name":"(anonymous_1)","decl":{"start":{"line":14,"column":20},"end":{"line":14,"column":null}},"loc":{"start":{"line":14,"column":20},"end":{"line":16,"column":null}},"line":14},"2":{"name":"(anonymous_2)","decl":{"start":{"line":18,"column":26},"end":{"line":18,"column":null}},"loc":{"start":{"line":18,"column":26},"end":{"line":20,"column":null}},"line":18},"3":{"name":"(anonymous_3)","decl":{"start":{"line":22,"column":21},"end":{"line":22,"column":null}},"loc":{"start":{"line":22,"column":21},"end":{"line":24,"column":null}},"line":22}},"branchMap":{"0":{"loc":{"start":{"line":11,"column":36},"end":{"line":11,"column":48}},"type":"default-arg","locations":[{"start":{"line":11,"column":47},"end":{"line":11,"column":48}}],"line":11},"1":{"loc":{"start":{"line":19,"column":4},"end":{"line":19,"column":null}},"type":"if","locations":[{"start":{"line":19,"column":4},"end":{"line":19,"column":null}},{"start":{},"end":{}}],"line":19},"2":{"loc":{"start":{"line":35,"column":17},"end":{"line":35,"column":null}},"type":"cond-expr","locations":[{"start":{"line":35,"column":31},"end":{"line":35,"column":39}},{"start":{"line":35,"column":39},"end":{"line":35,"column":null}}],"line":35}},"s":{"0":1,"1":12,"2":12,"3":2,"4":12,"5":2,"6":2,"7":12,"8":12,"9":12},"f":{"0":12,"1":2,"2":2,"3":12},"b":{"0":[12],"1":[2,0],"2":[5,7]},"meta":{"lastBranch":3,"lastFunction":4,"lastStatement":10,"seen":{"s:11:27:51:Infinity":0,"f:11:27:11:28":0,"b:11:47:11:48":0,"s:12:25:12:Infinity":1,"s:14:20:16:Infinity":2,"f:14:20:14:Infinity":1,"s:15:4:15:Infinity":3,"s:18:26:20:Infinity":4,"f:18:26:18:Infinity":2,"b:19:4:19:Infinity:undefined:undefined:undefined:undefined":1,"s:19:4:19:Infinity":5,"s:19:19:19:Infinity":6,"s:22:21:24:Infinity":7,"f:22:21:22:Infinity":3,"s:23:4:23:Infinity":8,"s:30:2:48:Infinity":9,"b:35:31:35:39:35:39:35:Infinity":2}}}
}
